# JRE version: Java(TM) SE Runtime Environment (23.0.2+7) (build 23.0.2+7-58)
# Java VM: Java HotSpot(TM) 64-Bit Server VM (23.0.2+7-58, mixed mode, sharing, tiered, compressed oops, compressed class ptrs, g1 gc, windows-amd64)
GC Precious Log:
 CardTable entry size: 512
 Card Set container configuration: InlinePtr #cards 4 size 8 Array Of Cards #cards 16 size 48 Howl #buckets 8 coarsen threshold 3686 Howl Bitmap #cards 512 size 80 coarsen threshold 460 Card regions per heap region 1 cards per card region 4096
 CPUs: 12 total, 12 available
 Memory: 16230M
 Large Page Support: Disabled
 NUMA Support: Disabled
 Compressed Oops: Enabled (Zero based)
 Heap Region Size: 2M
 Heap Min Capacity: 8M
 Heap Initial Capacity: 254M
 Heap Max Capacity: 3G
 Pre-touch: Disabled
 Parallel Workers: 10
 Concurrent Workers: 3
 Concurrent Refinement Workers: 10
 Periodic GC: Disabled
Heap:
 garbage-first heap   total reserved 3145728K, committed 266240K, used 162380K [0x0000000740000000, 0x0000000800000000)
  region size 2048K, 11 young (22528K), 7 survivors (14336K)
 Metaspace       used 126203K, committed 128640K, reserved 1179648K
  class space    used 16823K, committed 17984K, reserved 1048576K
GC Heap History (20 events):
Event: 14.186 GC heap before
{Heap before GC invocations=29 (full 0):
 garbage-first heap   total reserved 3145728K, committed 204800K, used 183360K [0x0000000740000000, 0x0000000800000000)
  region size 2048K, 42 young (86016K), 1 survivors (2048K)
 Metaspace       used 53723K, committed 55424K, reserved 1114112K
  class space    used 7820K, committed 8640K, reserved 1048576K
}
Event: 14.188 GC heap after
{Heap after GC invocations=30 (full 0):
 garbage-first heap   total reserved 3145728K, committed 204800K, used 99308K [0x0000000740000000, 0x0000000800000000)
  region size 2048K, 1 young (2048K), 1 survivors (2048K)
 Metaspace       used 53723K, committed 55424K, reserved 1114112K
  class space    used 7820K, committed 8640K, reserved 1048576K
}
Event: 15.247 GC heap before
{Heap before GC invocations=31 (full 0):
 garbage-first heap   total reserved 3145728K, committed 204800K, used 185324K [0x0000000740000000, 0x0000000800000000)
  region size 2048K, 44 young (90112K), 1 survivors (2048K)
 Metaspace       used 56889K, committed 58688K, reserved 1114112K
  class space    used 8127K, committed 8960K, reserved 1048576K
}
Event: 15.251 GC heap after
{Heap after GC invocations=32 (full 0):
 garbage-first heap   total reserved 3145728K, committed 204800K, used 100899K [0x0000000740000000, 0x0000000800000000)
  region size 2048K, 2 young (4096K), 2 survivors (4096K)
 Metaspace       used 56889K, committed 58688K, reserved 1114112K
  class space    used 8127K, committed 8960K, reserved 1048576K
}
Event: 16.588 GC heap before
{Heap before GC invocations=32 (full 0):
 garbage-first heap   total reserved 3145728K, committed 204800K, used 186915K [0x0000000740000000, 0x0000000800000000)
  region size 2048K, 44 young (90112K), 2 survivors (4096K)
 Metaspace       used 69396K, committed 71232K, reserved 1114112K
  class space    used 10187K, committed 11008K, reserved 1048576K
}
Event: 16.595 GC heap after
{Heap after GC invocations=33 (full 0):
 garbage-first heap   total reserved 3145728K, committed 204800K, used 102509K [0x0000000740000000, 0x0000000800000000)
  region size 2048K, 3 young (6144K), 3 survivors (6144K)
 Metaspace       used 69396K, committed 71232K, reserved 1114112K
  class space    used 10187K, committed 11008K, reserved 1048576K
}
Event: 17.178 GC heap before
{Heap before GC invocations=33 (full 0):
 garbage-first heap   total reserved 3145728K, committed 204800K, used 149613K [0x0000000740000000, 0x0000000800000000)
  region size 2048K, 27 young (55296K), 3 survivors (6144K)
 Metaspace       used 75393K, committed 77312K, reserved 1179648K
  class space    used 10953K, committed 11840K, reserved 1048576K
}
Event: 17.183 GC heap after
{Heap after GC invocations=34 (full 0):
 garbage-first heap   total reserved 3145728K, committed 204800K, used 103678K [0x0000000740000000, 0x0000000800000000)
  region size 2048K, 3 young (6144K), 3 survivors (6144K)
 Metaspace       used 75393K, committed 77312K, reserved 1179648K
  class space    used 10953K, committed 11840K, reserved 1048576K
}
Event: 18.028 GC heap before
{Heap before GC invocations=35 (full 0):
 garbage-first heap   total reserved 3145728K, committed 204800K, used 199934K [0x0000000740000000, 0x0000000800000000)
  region size 2048K, 44 young (90112K), 3 survivors (6144K)
 Metaspace       used 80441K, committed 82432K, reserved 1179648K
  class space    used 11538K, committed 12480K, reserved 1048576K
}
Event: 18.044 GC heap after
{Heap after GC invocations=36 (full 0):
 garbage-first heap   total reserved 3145728K, committed 221184K, used 123961K [0x0000000740000000, 0x0000000800000000)
  region size 2048K, 6 young (12288K), 6 survivors (12288K)
 Metaspace       used 80441K, committed 82432K, reserved 1179648K
  class space    used 11538K, committed 12480K, reserved 1048576K
}
Event: 18.901 GC heap before
{Heap before GC invocations=36 (full 0):
 garbage-first heap   total reserved 3145728K, committed 221184K, used 195641K [0x0000000740000000, 0x0000000800000000)
  region size 2048K, 41 young (83968K), 6 survivors (12288K)
 Metaspace       used 88523K, committed 90816K, reserved 1179648K
  class space    used 12473K, committed 13568K, reserved 1048576K
}
Event: 18.912 GC heap after
{Heap after GC invocations=37 (full 0):
 garbage-first heap   total reserved 3145728K, committed 266240K, used 129482K [0x0000000740000000, 0x0000000800000000)
  region size 2048K, 3 young (6144K), 3 survivors (6144K)
 Metaspace       used 88523K, committed 90816K, reserved 1179648K
  class space    used 12473K, committed 13568K, reserved 1048576K
}
Event: 24.472 GC heap before
{Heap before GC invocations=37 (full 0):
 garbage-first heap   total reserved 3145728K, committed 266240K, used 233930K [0x0000000740000000, 0x0000000800000000)
  region size 2048K, 54 young (110592K), 3 survivors (6144K)
 Metaspace       used 96514K, committed 98816K, reserved 1179648K
  class space    used 13452K, committed 14528K, reserved 1048576K
}
Event: 24.483 GC heap after
{Heap after GC invocations=38 (full 0):
 garbage-first heap   total reserved 3145728K, committed 266240K, used 136245K [0x0000000740000000, 0x0000000800000000)
  region size 2048K, 6 young (12288K), 6 survivors (12288K)
 Metaspace       used 96514K, committed 98816K, reserved 1179648K
  class space    used 13452K, committed 14528K, reserved 1048576K
}
Event: 28.491 GC heap before
{Heap before GC invocations=38 (full 0):
 garbage-first heap   total reserved 3145728K, committed 266240K, used 232501K [0x0000000740000000, 0x0000000800000000)
  region size 2048K, 53 young (108544K), 6 survivors (12288K)
 Metaspace       used 106719K, committed 109056K, reserved 1179648K
  class space    used 14637K, committed 15744K, reserved 1048576K
}
Event: 28.503 GC heap after
{Heap after GC invocations=39 (full 0):
 garbage-first heap   total reserved 3145728K, committed 266240K, used 142655K [0x0000000740000000, 0x0000000800000000)
  region size 2048K, 7 young (14336K), 7 survivors (14336K)
 Metaspace       used 106719K, committed 109056K, reserved 1179648K
  class space    used 14637K, committed 15744K, reserved 1048576K
}
Event: 31.606 GC heap before
{Heap before GC invocations=40 (full 0):
 garbage-first heap   total reserved 3145728K, committed 266240K, used 236863K [0x0000000740000000, 0x0000000800000000)
  region size 2048K, 53 young (108544K), 7 survivors (14336K)
 Metaspace       used 120737K, committed 123136K, reserved 1179648K
  class space    used 16120K, committed 17280K, reserved 1048576K
}
Event: 31.618 GC heap after
{Heap after GC invocations=41 (full 0):
 garbage-first heap   total reserved 3145728K, committed 266240K, used 145919K [0x0000000740000000, 0x0000000800000000)
  region size 2048K, 5 young (10240K), 5 survivors (10240K)
 Metaspace       used 120737K, committed 123136K, reserved 1179648K
  class space    used 16120K, committed 17280K, reserved 1048576K
}
Event: 36.032 GC heap before
{Heap before GC invocations=41 (full 0):
 garbage-first heap   total reserved 3145728K, committed 266240K, used 240127K [0x0000000740000000, 0x0000000800000000)
  region size 2048K, 51 young (104448K), 5 survivors (10240K)
 Metaspace       used 125834K, committed 128256K, reserved 1179648K
  class space    used 16799K, committed 17920K, reserved 1048576K
}
Event: 36.051 GC heap after
{Heap after GC invocations=42 (full 0):
 garbage-first heap   total reserved 3145728K, committed 266240K, used 156236K [0x0000000740000000, 0x0000000800000000)
  region size 2048K, 7 young (14336K), 7 survivors (14336K)
 Metaspace       used 125834K, committed 128256K, reserved 1179648K
  class space    used 16799K, committed 17920K, reserved 1048576K
}

